生成启动时间为 2016/4/9 20:43:18。
     1>项目“E:\Documents\cppProjects\schedule\schedule\schedule.vcxproj”在节点 2 上(Build 个目标)。
     1>ClCompile:
         D:\Program Files (x86)\Microsoft Visual Studio 11.0\VC\bin\CL.exe /c /ZI /nologo /W3 /WX- /Od /Oy- /D WIN32 /D _DEBUG /D _CONSOLE /D _UNICODE /D UNICODE /Gm /EHsc /RTC1 /MDd /GS /fp:precise /Zc:wchar_t /Zc:forScope /Fo"Debug\\" /Fd"Debug\vc110.pdb" /Gd /TP /analyze- /errorReport:prompt functions.cpp main.cpp readData.cpp variables.cpp
         variables.cpp
         readData.cpp
         main.cpp
     1>e:\documents\cppprojects\schedule\schedule\hga.h(570): warning C4018: “<”: 有符号/无符号不匹配
     1>e:\documents\cppprojects\schedule\schedule\hga.h(571): warning C4018: “<”: 有符号/无符号不匹配
     1>e:\documents\cppprojects\schedule\schedule\hga.h(580): warning C4018: “<”: 有符号/无符号不匹配
     1>e:\documents\cppprojects\schedule\schedule\hga.h(938): warning C4996: 'fopen': This function or variable may be unsafe. Consider using fopen_s instead. To disable deprecation, use _CRT_SECURE_NO_WARNINGS. See online help for details.
                 d:\program files (x86)\microsoft visual studio 11.0\vc\include\stdio.h(218) : 参见“fopen”的声明
     1>e:\documents\cppprojects\schedule\schedule\hga.h(947): warning C4996: 'fopen': This function or variable may be unsafe. Consider using fopen_s instead. To disable deprecation, use _CRT_SECURE_NO_WARNINGS. See online help for details.
                 d:\program files (x86)\microsoft visual studio 11.0\vc\include\stdio.h(218) : 参见“fopen”的声明
     1>e:\documents\cppprojects\schedule\schedule\jpso.h(1063): warning C4996: 'fopen': This function or variable may be unsafe. Consider using fopen_s instead. To disable deprecation, use _CRT_SECURE_NO_WARNINGS. See online help for details.
                 d:\program files (x86)\microsoft visual studio 11.0\vc\include\stdio.h(218) : 参见“fopen”的声明
     1>e:\documents\cppprojects\schedule\schedule\hss.h(12): warning C4244: “初始化”: 从“double”转换到“int”，可能丢失数据
     1>e:\documents\cppprojects\schedule\schedule\hss.h(407): warning C4244: “初始化”: 从“double”转换到“int”，可能丢失数据
     1>e:\documents\cppprojects\schedule\schedule\hss.h(408): warning C4244: “初始化”: 从“double”转换到“int”，可能丢失数据
     1>e:\documents\cppprojects\schedule\schedule\hss.h(429): warning C4244: “初始化”: 从“double”转换到“int”，可能丢失数据
     1>e:\documents\cppprojects\schedule\schedule\hss.h(940): warning C4996: 'fopen': This function or variable may be unsafe. Consider using fopen_s instead. To disable deprecation, use _CRT_SECURE_NO_WARNINGS. See online help for details.
                 d:\program files (x86)\microsoft visual studio 11.0\vc\include\stdio.h(218) : 参见“fopen”的声明
         functions.cpp
         正在生成代码...
       Link:
         D:\Program Files (x86)\Microsoft Visual Studio 11.0\VC\bin\link.exe /ERRORREPORT:PROMPT /OUT:"E:\Documents\cppProjects\schedule\Debug\schedule.exe" /INCREMENTAL /NOLOGO kernel32.lib user32.lib gdi32.lib winspool.lib comdlg32.lib advapi32.lib shell32.lib ole32.lib oleaut32.lib uuid.lib odbc32.lib odbccp32.lib /MANIFEST /MANIFESTUAC:"level='asInvoker' uiAccess='false'" /manifest:embed /DEBUG /PDB:"E:\Documents\cppProjects\schedule\Debug\schedule.pdb" /SUBSYSTEM:CONSOLE /TLBID:1 /DYNAMICBASE /NXCOMPAT /IMPLIB:"E:\Documents\cppProjects\schedule\Debug\schedule.lib" /MACHINE:X86 Debug\functions.obj
         Debug\main.obj
         Debug\readData.obj
         Debug\variables.obj
         schedule.vcxproj -> E:\Documents\cppProjects\schedule\Debug\schedule.exe
     1>已完成生成项目“E:\Documents\cppProjects\schedule\schedule\schedule.vcxproj”(Build 个目标)的操作。

生成成功。

已用时间 00:00:04.01
